2024-09-01T05:18:01.482Z info: Received a POST request for /register
2024-09-01T05:18:01.485Z info: validating first name ...
2024-09-01T05:18:01.486Z info: validating first name successfully completed !!
2024-09-01T05:18:01.486Z info: validating last name ...
2024-09-01T05:18:01.487Z info: validating Last name successfully completed !!
2024-09-01T05:18:01.487Z info: validating email ...
2024-09-01T05:18:01.488Z info: validating email successfully completed !!
2024-09-01T05:18:01.488Z info: validating password ...
2024-09-01T05:18:01.489Z info: validating password successfully completed !!
2024-09-01T05:18:01.490Z info: validating phone number ...
2024-09-01T05:18:01.490Z info: validating phone number successfully completed !!
2024-09-01T05:18:01.491Z info: Register user is invoked
2024-09-01T05:18:27.241Z info: Received a POST request for /register
2024-09-01T05:18:27.241Z info: validating first name ...
2024-09-01T05:18:27.242Z error: firstName is required
2024-09-01T05:18:38.753Z info: Received a POST request for /register
2024-09-01T05:18:38.753Z info: validating first name ...
2024-09-01T05:18:38.754Z error: firstName must be start with capital letter
2024-09-01T05:19:01.305Z info: Received a POST request for /register
2024-09-01T05:19:01.306Z info: validating first name ...
2024-09-01T05:19:01.306Z info: validating first name successfully completed !!
2024-09-01T05:19:01.307Z info: validating last name ...
2024-09-01T05:19:01.307Z error: lastName is required
2024-09-01T05:19:12.683Z info: Received a POST request for /register
2024-09-01T05:19:12.683Z info: validating first name ...
2024-09-01T05:19:12.683Z info: validating first name successfully completed !!
2024-09-01T05:19:12.684Z info: validating last name ...
2024-09-01T05:19:12.684Z error: lastName must be start with capital letter
2024-09-01T05:19:27.303Z info: Received a POST request for /register
2024-09-01T05:19:27.304Z info: validating first name ...
2024-09-01T05:19:27.304Z info: validating first name successfully completed !!
2024-09-01T05:19:27.304Z info: validating last name ...
2024-09-01T05:19:27.305Z info: validating Last name successfully completed !!
2024-09-01T05:19:27.305Z info: validating email ...
2024-09-01T05:19:27.305Z error: Invalid email address. Must contain '@' symbol.
2024-09-01T05:19:42.565Z info: Received a POST request for /register
2024-09-01T05:19:42.566Z info: validating first name ...
2024-09-01T05:19:42.566Z info: validating first name successfully completed !!
2024-09-01T05:19:42.566Z info: validating last name ...
2024-09-01T05:19:42.566Z info: validating Last name successfully completed !!
2024-09-01T05:19:42.567Z info: validating email ...
2024-09-01T05:19:42.567Z info: validating email successfully completed !!
2024-09-01T05:19:42.567Z info: validating password ...
2024-09-01T05:19:42.567Z error: Password must be at least 8 characters long, contain one uppercase letter, one number, and one special character.
2024-09-01T05:20:00.597Z info: Received a POST request for /register
2024-09-01T05:20:00.598Z info: validating first name ...
2024-09-01T05:20:00.598Z info: validating first name successfully completed !!
2024-09-01T05:20:00.598Z info: validating last name ...
2024-09-01T05:20:00.598Z info: validating Last name successfully completed !!
2024-09-01T05:20:00.599Z info: validating email ...
2024-09-01T05:20:00.599Z info: validating email successfully completed !!
2024-09-01T05:20:00.599Z info: validating password ...
2024-09-01T05:20:00.599Z info: validating password successfully completed !!
2024-09-01T05:20:00.600Z info: validating phone number ...
2024-09-01T05:20:00.600Z error: Phone number must be at least 10 digits long.
2024-09-01T05:20:05.802Z info: Received a POST request for /register
2024-09-01T05:20:05.803Z info: validating first name ...
2024-09-01T05:20:05.803Z info: validating first name successfully completed !!
2024-09-01T05:20:05.803Z info: validating last name ...
2024-09-01T05:20:05.803Z info: validating Last name successfully completed !!
2024-09-01T05:20:05.804Z info: validating email ...
2024-09-01T05:20:05.804Z info: validating email successfully completed !!
2024-09-01T05:20:05.804Z info: validating password ...
2024-09-01T05:20:05.804Z info: validating password successfully completed !!
2024-09-01T05:20:05.804Z info: validating phone number ...
2024-09-01T05:20:05.805Z info: validating phone number successfully completed !!
2024-09-01T05:20:05.805Z info: Register user is invoked
2024-09-01T05:22:00.463Z info: Received a POST request for /register
2024-09-01T05:22:00.465Z info: validating first name ...
2024-09-01T05:22:00.465Z info: validating first name successfully completed !!
2024-09-01T05:22:00.466Z info: validating last name ...
2024-09-01T05:22:00.467Z info: validating Last name successfully completed !!
2024-09-01T05:22:00.467Z info: validating email ...
2024-09-01T05:22:00.467Z info: validating email successfully completed !!
2024-09-01T05:22:00.467Z info: validating password ...
2024-09-01T05:22:00.468Z info: validating password successfully completed !!
2024-09-01T05:22:00.468Z info: validating phone number ...
2024-09-01T05:22:00.469Z info: validating phone number successfully completed !!
2024-09-01T05:22:00.469Z info: Register user is invoked
2024-09-01T05:22:50.433Z info: Received a POST request for /register
2024-09-01T05:22:50.435Z info: validating first name ...
2024-09-01T05:22:50.436Z info: validating first name successfully completed !!
2024-09-01T05:22:50.436Z info: validating last name ...
2024-09-01T05:22:50.436Z info: validating Last name successfully completed !!
2024-09-01T05:22:50.437Z info: validating email ...
2024-09-01T05:22:50.437Z info: validating email successfully completed !!
2024-09-01T05:22:50.437Z info: validating password ...
2024-09-01T05:22:50.437Z info: validating password successfully completed !!
2024-09-01T05:22:50.438Z info: validating phone number ...
2024-09-01T05:22:50.438Z info: validating phone number successfully completed !!
2024-09-01T05:22:50.438Z info: Register user is invoked
2024-09-01T05:22:50.441Z info: user is registered successfully !!!
2024-09-01T05:23:25.630Z info: Received a GET request for /users
